------------------------------------------------------------------------------------------
                      OverCon          OverCon          OverCon          OverCon
                       #GCell           #GCell           #GCell           #GCell  %GCell
       Layer          (1 - 2)          (3 - 4)          (5 - 6)          (7 - 8)  OverCon
------------------------------------------------------------------------------------------
     M1 ( 1)       0 ( 0.00%)       0 ( 0.00%)       0 ( 0.00%)       0 ( 0.00%)  ( 0.00%)
     M2 ( 2)     212 ( 0.16%)      50 ( 0.04%)      17 ( 0.01%)       1 ( 0.00%)  ( 0.21%)
     M3 ( 3)     870 ( 0.64%)      80 ( 0.06%)       4 ( 0.00%)       0 ( 0.00%)  ( 0.71%)
     M4 ( 4)      29 ( 0.02%)       6 ( 0.00%)       2 ( 0.00%)       0 ( 0.00%)  ( 0.03%)
     M5 ( 5)     282 ( 0.21%)       5 ( 0.00%)       2 ( 0.00%)       4 ( 0.00%)  ( 0.22%)
     M6 ( 6)     215 ( 0.10%)       6 ( 0.00%)       3 ( 0.00%)       0 ( 0.00%)  ( 0.10%)
     M7 ( 7)     168 ( 0.08%)       2 ( 0.00%)       3 ( 0.00%)       4 ( 0.00%)  ( 0.09%)
     M8 ( 8)      17 ( 0.01%)       0 ( 0.00%)       0 ( 0.00%)       0 ( 0.00%)  ( 0.01%)
     M9 ( 9)       0 ( 0.00%)       0 ( 0.00%)       0 ( 0.00%)       0 ( 0.00%)  ( 0.00%)
   MRDL (10)       0 ( 0.00%)       0 ( 0.00%)       0 ( 0.00%)       0 ( 0.00%)  ( 0.00%)
------------------------------------------------------------------------------------------
       Total    1793 ( 0.13%)     149 ( 0.01%)      31 ( 0.00%)       9 ( 0.00%)  ( 0.14%)
------------------------------------------------------------------------------------------
2D Overflow (GR compatible) 0.23% H + 0.07% V
2D Overflow 0.25% H + 0.09% V
[hotspot] +------------+---------------+---------------+
[hotspot] |    layer   |  max hotspot  | total hotspot |
[hotspot] +------------+---------------+---------------+
[hotspot] |    M1(H)   |          0.00 |          0.00 |
[hotspot] |    M2(V)   |          1.05 |          4.98 |
[hotspot] |    M3(H)   |          2.10 |          6.56 |
[hotspot] |    M4(V)   |          0.52 |          0.52 |
[hotspot] |    M5(H)   |          2.10 |          2.10 |
[hotspot] |    M6(V)   |          3.02 |          3.80 |
[hotspot] |    M7(H)   |          6.56 |         14.69 |
[hotspot] |    M8(V)   |          0.52 |          0.52 |
[hotspot] |    M9(H)   |          0.00 |          0.00 |
[hotspot] |   MRDL(V)   |          0.00 |          0.00 |
[hotspot] +------------+---------------+---------------+
[hotspot] |   worst    | (M7)     6.56 | (M7)    14.69 |
[hotspot] +------------+---------------+---------------+
[hotspot] | all layers |          4.20 |         15.21 |
[hotspot] +------------+---------------+---------------+
Local HotSpot Analysis (3d): normalized congestion max/total hotspot area = 4.20/15.21 (area is in unit of 4 std-cell row bins)
[hotspot] top 5 congestion hotspot bounding boxes and scores of all layers hotspot
[hotspot] +-----+-------------------------------------+---------------+
[hotspot] | top |            hotspot bbox             | hotspot score |
[hotspot] +-----+-------------------------------------+---------------+
[hotspot] |  1  |   374.53     0.00   401.28    26.75 |        3.41   |
[hotspot] +-----+-------------------------------------+---------------+
[hotspot] |  2  |   735.68   120.38   762.43   147.14 |        2.36   |
[hotspot] +-----+-------------------------------------+---------------+
[hotspot] |  3  |   267.52    93.63   294.27   120.38 |        1.05   |
[hotspot] +-----+-------------------------------------+---------------+
[hotspot] |  4  |   454.78    66.88   481.54    93.63 |        0.79   |
[hotspot] +-----+-------------------------------------+---------------+
[hotspot] |  5  |   107.01   120.38   133.76   147.14 |        0.79   |
[hotspot] +-----+-------------------------------------+---------------+
