Usage: (20.3%H 12.3%V) = (5.136e+05um 6.394e+05um) = (307184 382400)
Overflow: 271 = 211 (0.10% H) + 60 (0.03% V)

Congestion distribution:

Remain	cntH		cntV
--------------------------------------
 -5:	9	 0.00%	2	 0.00%
 -4:	2	 0.00%	2	 0.00%
 -3:	3	 0.00%	3	 0.00%
 -2:	21	 0.01%	8	 0.00%
 -1:	138	 0.06%	35	 0.02%
--------------------------------------
  0:	6217	 2.87%	199	 0.09%
  1:	31485	14.53%	1572	 0.72%
  2:	29536	13.63%	6915	 3.17%
  3:	20519	 9.47%	20179	 9.25%
  4:	6886	 3.18%	26570	12.18%
  5:	121833	56.24%	162604	74.56%
[hotspot] +------------+---------------+---------------+
[hotspot] |            |   max hotspot | total hotspot |
[hotspot] +------------+---------------+---------------+
[hotspot] | normalized |          3.41 |          4.20 |
[hotspot] +------------+---------------+---------------+
Local HotSpot Analysis: normalized max congestion hotspot area = 3.41, normalized total congestion hotspot area = 4.20 (area is in unit of 4 std-cell row bins)
[hotspot] top 3 congestion hotspot bounding boxes and scores of normalized hotspot
[hotspot] +-----+-------------------------------------+---------------+
[hotspot] | top |            hotspot bbox             | hotspot score |
[hotspot] +-----+-------------------------------------+---------------+
[hotspot] |  1  |   374.53     0.00   401.28    26.75 |        3.41   |
[hotspot] +-----+-------------------------------------+---------------+
[hotspot] |  2  |   735.68   107.01   762.43   133.76 |        0.52   |
[hotspot] +-----+-------------------------------------+---------------+
[hotspot] |  3  |   535.04   468.16   561.79   494.91 |        0.26   |
[hotspot] +-----+-------------------------------------+---------------+
