------------------------------------------------------------------------------------------
                      OverCon          OverCon          OverCon          OverCon
                       #GCell           #GCell           #GCell           #GCell  %GCell
       Layer          (1 - 1)          (2 - 3)          (4 - 5)          (6 - 7)  OverCon
------------------------------------------------------------------------------------------
     M1 ( 1)       0 ( 0.00%)       0 ( 0.00%)       0 ( 0.00%)       0 ( 0.00%)  ( 0.00%)
     M2 ( 2)      61 ( 0.05%)      83 ( 0.06%)      30 ( 0.02%)       0 ( 0.00%)  ( 0.13%)
     M3 ( 3)     662 ( 0.49%)     134 ( 0.10%)       2 ( 0.00%)       0 ( 0.00%)  ( 0.59%)
     M4 ( 4)       5 ( 0.00%)       5 ( 0.00%)       4 ( 0.00%)       0 ( 0.00%)  ( 0.01%)
     M5 ( 5)     178 ( 0.13%)      14 ( 0.01%)       2 ( 0.00%)       6 ( 0.00%)  ( 0.15%)
     M6 ( 6)      32 ( 0.01%)       5 ( 0.00%)       5 ( 0.00%)       0 ( 0.00%)  ( 0.02%)
     M7 ( 7)      95 ( 0.05%)      10 ( 0.00%)       2 ( 0.00%)       5 ( 0.00%)  ( 0.05%)
     M8 ( 8)       9 ( 0.00%)       4 ( 0.00%)       0 ( 0.00%)       0 ( 0.00%)  ( 0.01%)
     M9 ( 9)      10 ( 0.01%)       0 ( 0.00%)       0 ( 0.00%)       0 ( 0.00%)  ( 0.01%)
   MRDL (10)       0 ( 0.00%)       0 ( 0.00%)       0 ( 0.00%)       0 ( 0.00%)  ( 0.00%)
------------------------------------------------------------------------------------------
       Total    1052 ( 0.08%)     255 ( 0.02%)      45 ( 0.00%)      11 ( 0.00%)  ( 0.10%)
------------------------------------------------------------------------------------------
2D Overflow (GR compatible) 0.18% H + 0.03% V
2D Overflow 0.19% H + 0.04% V
[hotspot] +------------+---------------+---------------+
[hotspot] |    layer   |  max hotspot  | total hotspot |
[hotspot] +------------+---------------+---------------+
[hotspot] |    M1(H)   |          0.00 |          0.00 |
[hotspot] |    M2(V)   |          1.05 |          3.41 |
[hotspot] |    M3(H)   |          0.52 |          1.57 |
[hotspot] |    M4(V)   |          0.26 |          0.26 |
[hotspot] |    M5(H)   |          2.10 |          2.62 |
[hotspot] |    M6(V)   |          0.52 |          0.52 |
[hotspot] |    M7(H)   |          2.89 |          3.93 |
[hotspot] |    M8(V)   |          0.52 |          0.52 |
[hotspot] |    M9(H)   |          0.00 |          0.00 |
[hotspot] |   MRDL(V)   |          0.00 |          0.00 |
[hotspot] +------------+---------------+---------------+
[hotspot] |   worst    | (M7)     2.89 | (M7)     3.93 |
[hotspot] +------------+---------------+---------------+
[hotspot] | all layers |          3.93 |          9.70 |
[hotspot] +------------+---------------+---------------+
Local HotSpot Analysis (3d): normalized congestion max/total hotspot area = 3.93/9.70 (area is in unit of 4 std-cell row bins)
[hotspot] top 5 congestion hotspot bounding boxes and scores of all layers hotspot
[hotspot] +-----+-------------------------------------+---------------+
[hotspot] | top |            hotspot bbox             | hotspot score |
[hotspot] +-----+-------------------------------------+---------------+
[hotspot] |  1  |   374.53     0.00   401.28    26.75 |        3.41   |
[hotspot] +-----+-------------------------------------+---------------+
[hotspot] |  2  |   254.14   628.67   280.90   655.42 |        1.05   |
[hotspot] +-----+-------------------------------------+---------------+
[hotspot] |  3  |   254.14   655.42   280.90   682.18 |        0.79   |
[hotspot] +-----+-------------------------------------+---------------+
[hotspot] |  4  |   575.17   655.42   601.92   682.18 |        0.79   |
[hotspot] +-----+-------------------------------------+---------------+
[hotspot] |  5  |   668.80   695.55   695.55   722.30 |        0.79   |
[hotspot] +-----+-------------------------------------+---------------+
