Usage: (20.3%H 12.4%V) = (5.129e+05um 6.404e+05um) = (306752 382986)
Overflow: 152 = 117 (0.05% H) + 35 (0.02% V)

Congestion distribution:

Remain	cntH		cntV
--------------------------------------
 -5:	10	 0.00%	1	 0.00%
 -4:	0	 0.00%	2	 0.00%
 -3:	2	 0.00%	2	 0.00%
 -2:	10	 0.00%	14	 0.01%
 -1:	64	 0.03%	5	 0.00%
--------------------------------------
  0:	5432	 2.51%	277	 0.13%
  1:	30856	14.24%	1111	 0.51%
  2:	30604	14.13%	4989	 2.29%
  3:	20480	 9.45%	22460	10.30%
  4:	7325	 3.38%	27107	12.43%
  5:	121855	56.25%	162121	74.34%
[hotspot] +------------+---------------+---------------+
[hotspot] |            |   max hotspot | total hotspot |
[hotspot] +------------+---------------+---------------+
[hotspot] | normalized |          3.67 |          5.51 |
[hotspot] +------------+---------------+---------------+
Local HotSpot Analysis: normalized max congestion hotspot area = 3.67, normalized total congestion hotspot area = 5.51 (area is in unit of 4 std-cell row bins)
[hotspot] top 4 congestion hotspot bounding boxes and scores of normalized hotspot
[hotspot] +-----+-------------------------------------+---------------+
[hotspot] | top |            hotspot bbox             | hotspot score |
[hotspot] +-----+-------------------------------------+---------------+
[hotspot] |  1  |   374.53     0.00   401.28    26.75 |        3.41   |
[hotspot] +-----+-------------------------------------+---------------+
[hotspot] |  2  |   254.14   628.67   280.90   655.42 |        1.05   |
[hotspot] +-----+-------------------------------------+---------------+
[hotspot] |  3  |   254.14   655.42   280.90   682.18 |        0.79   |
[hotspot] +-----+-------------------------------------+---------------+
[hotspot] |  4  |   280.90   655.42   307.65   682.18 |        0.26   |
[hotspot] +-----+-------------------------------------+---------------+
